\BOOKMARK [0][-]{chapter.1}{\376\377\000I\000n\000t\000r\000o\000d\000u\000c\000c\000i\000\363\000n}{}% 1
\BOOKMARK [1][-]{section.1.1}{\376\377\000R\000e\000s\000u\000m\000e\000n\000\040\000E\000j\000e\000c\000u\000t\000i\000v\000o}{chapter.1}% 2
\BOOKMARK [2][-]{subsection.1.1.1}{\376\377\000C\000a\000r\000a\000c\000t\000e\000r\000\355\000s\000t\000i\000c\000a\000s\000\040\000P\000r\000i\000n\000c\000i\000p\000a\000l\000e\000s}{section.1.1}% 3
\BOOKMARK [1][-]{section.1.2}{\376\377\000O\000b\000j\000e\000t\000i\000v\000o\000s\000\040\000d\000e\000l\000\040\000S\000i\000s\000t\000e\000m\000a}{chapter.1}% 4
\BOOKMARK [0][-]{chapter.2}{\376\377\000A\000r\000q\000u\000i\000t\000e\000c\000t\000u\000r\000a\000\040\000d\000e\000l\000\040\000S\000i\000s\000t\000e\000m\000a}{}% 5
\BOOKMARK [1][-]{section.2.1}{\376\377\000V\000i\000s\000i\000\363\000n\000\040\000G\000e\000n\000e\000r\000a\000l}{chapter.2}% 6
\BOOKMARK [2][-]{subsection.2.1.1}{\376\377\000P\000r\000i\000n\000c\000i\000p\000i\000o\000\040\000d\000e\000\040\000M\000o\000d\000u\000l\000a\000r\000i\000d\000a\000d}{section.2.1}% 7
\BOOKMARK [2][-]{subsection.2.1.2}{\376\377\000C\000o\000m\000p\000o\000n\000e\000n\000t\000e\000s\000\040\000P\000r\000i\000n\000c\000i\000p\000a\000l\000e\000s}{section.2.1}% 8
\BOOKMARK [2][-]{subsection.2.1.3}{\376\377\000F\000l\000u\000j\000o\000\040\000d\000e\000\040\000D\000a\000t\000o\000s}{section.2.1}% 9
\BOOKMARK [2][-]{subsection.2.1.4}{\376\377\000C\000a\000r\000a\000c\000t\000e\000r\000\355\000s\000t\000i\000c\000a\000s\000\040\000A\000r\000q\000u\000i\000t\000e\000c\000t\000\363\000n\000i\000c\000a\000s}{section.2.1}% 10
\BOOKMARK [1][-]{section.2.2}{\376\377\000F\000l\000u\000j\000o\000\040\000d\000e\000\040\000P\000r\000o\000c\000e\000s\000a\000m\000i\000e\000n\000t\000o\000\040\000d\000e\000\040\000D\000o\000c\000u\000m\000e\000n\000t\000o\000s}{chapter.2}% 11
\BOOKMARK [1][-]{section.2.3}{\376\377\000F\000l\000u\000j\000o\000\040\000d\000e\000\040\000C\000o\000n\000s\000u\000l\000t\000a\000\040\000\050\000C\000h\000a\000t\000b\000o\000t\000\051}{chapter.2}% 12
\BOOKMARK [0][-]{chapter.3}{\376\377\000M\000\363\000d\000u\000l\000o\000s\000\040\000d\000e\000l\000\040\000S\000i\000s\000t\000e\000m\000a}{}% 13
\BOOKMARK [1][-]{section.3.1}{\376\377\000A\000d\000m\000i\000n\000\040\000P\000a\000n\000e\000l}{chapter.3}% 14
\BOOKMARK [2][-]{subsection.3.1.1}{\376\377\000F\000u\000n\000c\000i\000o\000n\000a\000l\000i\000d\000a\000d}{section.3.1}% 15
\BOOKMARK [2][-]{subsection.3.1.2}{\376\377\000M\000o\000d\000e\000l\000o\000s\000\040\000d\000e\000\040\000D\000a\000t\000o\000s}{section.3.1}% 16
\BOOKMARK [2][-]{subsection.3.1.3}{\376\377\000T\000a\000r\000e\000a\000s\000\040\000C\000e\000l\000e\000r\000y}{section.3.1}% 17
\BOOKMARK [1][-]{section.3.2}{\376\377\000C\000h\000a\000t\000b\000o\000t}{chapter.3}% 18
\BOOKMARK [2][-]{subsection.3.2.1}{\376\377\000F\000u\000n\000c\000i\000o\000n\000a\000l\000i\000d\000a\000d}{section.3.2}% 19
\BOOKMARK [2][-]{subsection.3.2.2}{\376\377\000M\000o\000d\000e\000l\000o\000s\000\040\000d\000e\000\040\000D\000a\000t\000o\000s}{section.3.2}% 20
\BOOKMARK [2][-]{subsection.3.2.3}{\376\377\000L\000\363\000g\000i\000c\000a\000\040\000d\000e\000\040\000R\000e\000s\000p\000u\000e\000s\000t\000a}{section.3.2}% 21
\BOOKMARK [1][-]{section.3.3}{\376\377\000P\000a\000r\000s\000i\000n\000g\000\040\000\050\000N\000e\000m\000o\000t\000r\000o\000n\000\051}{chapter.3}% 22
\BOOKMARK [2][-]{subsection.3.3.1}{\376\377\000C\000a\000r\000a\000c\000t\000e\000r\000\355\000s\000t\000i\000c\000a\000s}{section.3.3}% 23
\BOOKMARK [2][-]{subsection.3.3.2}{\376\377\000C\000o\000n\000f\000i\000g\000u\000r\000a\000c\000i\000\363\000n}{section.3.3}% 24
\BOOKMARK [1][-]{section.3.4}{\376\377\000C\000h\000u\000n\000k\000i\000n\000g\000\040\000S\000e\000m\000\341\000n\000t\000i\000c\000o}{chapter.3}% 25
\BOOKMARK [2][-]{subsection.3.4.1}{\376\377\000E\000s\000t\000r\000a\000t\000e\000g\000i\000a}{section.3.4}% 26
\BOOKMARK [2][-]{subsection.3.4.2}{\376\377\000I\000m\000p\000l\000e\000m\000e\000n\000t\000a\000c\000i\000\363\000n}{section.3.4}% 27
\BOOKMARK [1][-]{section.3.5}{\376\377\000E\000m\000b\000e\000d\000d\000i\000n\000g\000s\000\040\000\050\000B\000G\000E\000-\000M\0003\000\051}{chapter.3}% 28
\BOOKMARK [2][-]{subsection.3.5.1}{\376\377\000M\000o\000d\000e\000l\000o}{section.3.5}% 29
\BOOKMARK [2][-]{subsection.3.5.2}{\376\377\000I\000m\000p\000l\000e\000m\000e\000n\000t\000a\000c\000i\000\363\000n}{section.3.5}% 30
\BOOKMARK [1][-]{section.3.6}{\376\377\000V\000e\000c\000t\000o\000r\000\040\000S\000t\000o\000r\000e\000\040\000\050\000C\000h\000r\000o\000m\000a\000D\000B\000\051}{chapter.3}% 31
\BOOKMARK [2][-]{subsection.3.6.1}{\376\377\000C\000o\000n\000f\000i\000g\000u\000r\000a\000c\000i\000\363\000n}{section.3.6}% 32
\BOOKMARK [1][-]{section.3.7}{\376\377\000L\000L\000M\000\040\000\050\000O\000l\000l\000a\000m\000a\000\051}{chapter.3}% 33
\BOOKMARK [2][-]{subsection.3.7.1}{\376\377\000I\000n\000t\000e\000g\000r\000a\000c\000i\000\363\000n}{section.3.7}% 34
\BOOKMARK [2][-]{subsection.3.7.2}{\376\377\000P\000r\000o\000m\000p\000t\000\040\000E\000n\000g\000i\000n\000e\000e\000r\000i\000n\000g}{section.3.7}% 35
\BOOKMARK [0][-]{chapter.4}{\376\377\000D\000e\000s\000p\000l\000i\000e\000g\000u\000e\000\040\000y\000\040\000C\000o\000n\000f\000i\000g\000u\000r\000a\000c\000i\000\363\000n}{}% 36
\BOOKMARK [1][-]{section.4.1}{\376\377\000R\000e\000q\000u\000i\000s\000i\000t\000o\000s\000\040\000d\000e\000l\000\040\000S\000i\000s\000t\000e\000m\000a}{chapter.4}% 37
\BOOKMARK [2][-]{subsection.4.1.1}{\376\377\000H\000a\000r\000d\000w\000a\000r\000e}{section.4.1}% 38
\BOOKMARK [2][-]{subsection.4.1.2}{\376\377\000S\000o\000f\000t\000w\000a\000r\000e}{section.4.1}% 39
\BOOKMARK [1][-]{section.4.2}{\376\377\000I\000n\000s\000t\000a\000l\000a\000c\000i\000\363\000n}{chapter.4}% 40
\BOOKMARK [2][-]{subsection.4.2.1}{\376\377\0001\000.\000\040\000C\000l\000o\000n\000a\000r\000\040\000R\000e\000p\000o\000s\000i\000t\000o\000r\000i\000o}{section.4.2}% 41
\BOOKMARK [2][-]{subsection.4.2.2}{\376\377\0002\000.\000\040\000C\000r\000e\000a\000r\000\040\000E\000n\000t\000o\000r\000n\000o\000\040\000V\000i\000r\000t\000u\000a\000l}{section.4.2}% 42
\BOOKMARK [2][-]{subsection.4.2.3}{\376\377\0003\000.\000\040\000I\000n\000s\000t\000a\000l\000a\000r\000\040\000D\000e\000p\000e\000n\000d\000e\000n\000c\000i\000a\000s}{section.4.2}% 43
\BOOKMARK [2][-]{subsection.4.2.4}{\376\377\0004\000.\000\040\000C\000o\000n\000f\000i\000g\000u\000r\000a\000r\000\040\000B\000a\000s\000e\000\040\000d\000e\000\040\000D\000a\000t\000o\000s}{section.4.2}% 44
\BOOKMARK [2][-]{subsection.4.2.5}{\376\377\0005\000.\000\040\000I\000n\000i\000c\000i\000a\000r\000\040\000R\000e\000d\000i\000s}{section.4.2}% 45
\BOOKMARK [2][-]{subsection.4.2.6}{\376\377\0006\000.\000\040\000I\000n\000i\000c\000i\000a\000r\000\040\000C\000e\000l\000e\000r\000y\000\040\000W\000o\000r\000k\000e\000r}{section.4.2}% 46
\BOOKMARK [2][-]{subsection.4.2.7}{\376\377\0007\000.\000\040\000I\000n\000i\000c\000i\000a\000r\000\040\000O\000l\000l\000a\000m\000a}{section.4.2}% 47
\BOOKMARK [2][-]{subsection.4.2.8}{\376\377\0008\000.\000\040\000I\000n\000i\000c\000i\000a\000r\000\040\000D\000j\000a\000n\000g\000o}{section.4.2}% 48
\BOOKMARK [1][-]{section.4.3}{\376\377\000C\000o\000n\000f\000i\000g\000u\000r\000a\000c\000i\000\363\000n}{chapter.4}% 49
\BOOKMARK [2][-]{subsection.4.3.1}{\376\377\000S\000e\000t\000t\000i\000n\000g\000s\000\040\000d\000e\000\040\000D\000j\000a\000n\000g\000o}{section.4.3}% 50
\BOOKMARK [0][-]{chapter.5}{\376\377\000U\000s\000o\000\040\000d\000e\000l\000\040\000S\000i\000s\000t\000e\000m\000a}{}% 51
\BOOKMARK [1][-]{section.5.1}{\376\377\000P\000a\000n\000e\000l\000\040\000d\000e\000\040\000A\000d\000m\000i\000n\000i\000s\000t\000r\000a\000c\000i\000\363\000n}{chapter.5}% 52
\BOOKMARK [2][-]{subsection.5.1.1}{\376\377\000A\000c\000c\000e\000s\000o}{section.5.1}% 53
\BOOKMARK [2][-]{subsection.5.1.2}{\376\377\000S\000u\000b\000i\000r\000\040\000D\000o\000c\000u\000m\000e\000n\000t\000o}{section.5.1}% 54
\BOOKMARK [2][-]{subsection.5.1.3}{\376\377\000E\000x\000p\000l\000o\000r\000a\000r\000\040\000C\000o\000n\000t\000e\000n\000i\000d\000o}{section.5.1}% 55
\BOOKMARK [1][-]{section.5.2}{\376\377\000C\000h\000a\000t\000b\000o\000t}{chapter.5}% 56
\BOOKMARK [2][-]{subsection.5.2.1}{\376\377\000A\000c\000c\000e\000s\000o}{section.5.2}% 57
\BOOKMARK [2][-]{subsection.5.2.2}{\376\377\000R\000e\000a\000l\000i\000z\000a\000r\000\040\000C\000o\000n\000s\000u\000l\000t\000a\000s}{section.5.2}% 58
\BOOKMARK [2][-]{subsection.5.2.3}{\376\377\000N\000u\000e\000v\000a\000\040\000C\000o\000n\000v\000e\000r\000s\000a\000c\000i\000\363\000n}{section.5.2}% 59
\BOOKMARK [0][-]{chapter.6}{\376\377\000D\000i\000a\000g\000r\000a\000m\000a\000s\000\040\000d\000e\000\040\000S\000e\000c\000u\000e\000n\000c\000i\000a}{}% 60
\BOOKMARK [1][-]{section.6.1}{\376\377\000P\000r\000o\000c\000e\000s\000a\000m\000i\000e\000n\000t\000o\000\040\000d\000e\000\040\000D\000o\000c\000u\000m\000e\000n\000t\000o}{chapter.6}% 61
\BOOKMARK [1][-]{section.6.2}{\376\377\000C\000o\000n\000s\000u\000l\000t\000a\000\040\000e\000n\000\040\000C\000h\000a\000t\000b\000o\000t}{chapter.6}% 62
\BOOKMARK [0][-]{chapter.7}{\376\377\000R\000e\000n\000d\000i\000m\000i\000e\000n\000t\000o\000\040\000y\000\040\000O\000p\000t\000i\000m\000i\000z\000a\000c\000i\000\363\000n}{}% 63
\BOOKMARK [1][-]{section.7.1}{\376\377\000M\000\351\000t\000r\000i\000c\000a\000s\000\040\000d\000e\000\040\000R\000e\000n\000d\000i\000m\000i\000e\000n\000t\000o}{chapter.7}% 64
\BOOKMARK [1][-]{section.7.2}{\376\377\000O\000p\000t\000i\000m\000i\000z\000a\000c\000i\000o\000n\000e\000s\000\040\000I\000m\000p\000l\000e\000m\000e\000n\000t\000a\000d\000a\000s}{chapter.7}% 65
\BOOKMARK [1][-]{section.7.3}{\376\377\000R\000e\000c\000o\000m\000e\000n\000d\000a\000c\000i\000o\000n\000e\000s}{chapter.7}% 66
\BOOKMARK [0][-]{chapter.8}{\376\377\000R\000e\000s\000o\000l\000u\000c\000i\000\363\000n\000\040\000d\000e\000\040\000P\000r\000o\000b\000l\000e\000m\000a\000s}{}% 67
\BOOKMARK [1][-]{section.8.1}{\376\377\000P\000r\000o\000b\000l\000e\000m\000a\000s\000\040\000C\000o\000m\000u\000n\000e\000s}{chapter.8}% 68
\BOOKMARK [2][-]{subsection.8.1.1}{\376\377\000C\000h\000r\000o\000m\000a\000D\000B\000\040\000n\000o\000\040\000e\000n\000c\000u\000e\000n\000t\000r\000a\000\040\000d\000o\000c\000u\000m\000e\000n\000t\000o\000s}{section.8.1}% 69
\BOOKMARK [2][-]{subsection.8.1.2}{\376\377\000C\000e\000l\000e\000r\000y\000\040\000t\000a\000s\000k\000\040\000f\000a\000i\000l\000s}{section.8.1}% 70
\BOOKMARK [2][-]{subsection.8.1.3}{\376\377\000O\000l\000l\000a\000m\000a\000\040\000t\000i\000m\000e\000o\000u\000t}{section.8.1}% 71
\BOOKMARK [2][-]{subsection.8.1.4}{\376\377\000O\000u\000t\000\040\000o\000f\000\040\000G\000P\000U\000\040\000m\000e\000m\000o\000r\000y}{section.8.1}% 72
\BOOKMARK [0][-]{chapter.9}{\376\377\000C\000o\000n\000c\000l\000u\000s\000i\000o\000n\000e\000s\000\040\000y\000\040\000T\000r\000a\000b\000a\000j\000o\000\040\000F\000u\000t\000u\000r\000o}{}% 73
\BOOKMARK [1][-]{section.9.1}{\376\377\000L\000o\000g\000r\000o\000s\000\040\000d\000e\000l\000\040\000P\000r\000o\000y\000e\000c\000t\000o}{chapter.9}% 74
\BOOKMARK [1][-]{section.9.2}{\376\377\000T\000r\000a\000b\000a\000j\000o\000\040\000F\000u\000t\000u\000r\000o}{chapter.9}% 75
\BOOKMARK [2][-]{subsection.9.2.1}{\376\377\000F\000u\000n\000c\000i\000o\000n\000a\000l\000i\000d\000a\000d\000e\000s}{section.9.2}% 76
\BOOKMARK [2][-]{subsection.9.2.2}{\376\377\000O\000p\000t\000i\000m\000i\000z\000a\000c\000i\000o\000n\000e\000s}{section.9.2}% 77
\BOOKMARK [2][-]{subsection.9.2.3}{\376\377\000E\000s\000c\000a\000l\000a\000b\000i\000l\000i\000d\000a\000d}{section.9.2}% 78
\BOOKMARK [1][-]{section.9.3}{\376\377\000R\000e\000f\000l\000e\000x\000i\000\363\000n\000\040\000F\000i\000n\000a\000l}{chapter.9}% 79
\BOOKMARK [0][-]{appendix.Alph1}{\376\377\000A\000p\000\351\000n\000d\000i\000c\000e\000s}{}% 80
\BOOKMARK [1][-]{section.Alph1.1}{\376\377\000C\000o\000m\000a\000n\000d\000o\000s\000\040\000\332\000t\000i\000l\000e\000s}{appendix.Alph1}% 81
\BOOKMARK [2][-]{subsection.Alph1.1.1}{\376\377\000D\000j\000a\000n\000g\000o}{section.Alph1.1}% 82
\BOOKMARK [2][-]{subsection.Alph1.1.2}{\376\377\000C\000e\000l\000e\000r\000y}{section.Alph1.1}% 83
\BOOKMARK [2][-]{subsection.Alph1.1.3}{\376\377\000R\000e\000d\000i\000s}{section.Alph1.1}% 84
\BOOKMARK [1][-]{section.Alph1.2}{\376\377\000E\000s\000t\000r\000u\000c\000t\000u\000r\000a\000\040\000d\000e\000\040\000D\000i\000r\000e\000c\000t\000o\000r\000i\000o\000s}{appendix.Alph1}% 85
\BOOKMARK [1][-]{section.Alph1.3}{\376\377\000R\000e\000f\000e\000r\000e\000n\000c\000i\000a\000s}{appendix.Alph1}% 86
